2024-04-16 18:48:10,270 INFO:Processed 0 files, deleted 0 files.
2024-04-16 18:48:15,123 INFO:Processed 0 files, deleted 0 files.
2024-04-16 18:55:00,521 INFO:Deleted /Users/martinballe/DM-Count-1/website/static/density_maps/density_0008.jpg
2024-04-16 18:55:00,522 INFO:Processed 1 files, deleted 1 files.
2024-04-16 18:56:00,741 INFO:Processed 0 files, deleted 0 files.
2024-04-16 18:57:01,043 INFO:Processed 0 files, deleted 0 files.
2024-04-16 18:58:00,229 INFO:Processed 0 files, deleted 0 files.
2024-04-16 18:59:00,544 INFO:Processed 0 files, deleted 0 files.
2024-04-16 19:00:00,797 INFO:Processed 0 files, deleted 0 files.
2024-04-16 19:01:01,093 INFO:Skipped /Users/martinballe/DM-Count-1/website/static/density_maps/density_0189.jpg, not old enough.
2024-04-16 19:01:01,094 INFO:Processed 1 files, deleted 0 files.
2024-04-16 19:02:00,402 INFO:Deleted /Users/martinballe/DM-Count-1/website/static/density_maps/density_0189.jpg
2024-04-16 19:02:00,403 INFO:Processed 1 files, deleted 1 files.
2024-04-16 19:03:00,676 INFO:Processed 0 files, deleted 0 files.
2024-04-16 19:04:00,949 INFO:Processed 0 files, deleted 0 files.
2024-04-16 19:11:00,383 INFO:Deleted /Users/martinballe/DM-Count-1/website/static/density_maps/density_0568.jpg
2024-04-16 19:11:00,384 INFO:Processed 1 files, deleted 1 files.
2024-04-16 19:12:00,742 INFO:Processed 0 files, deleted 0 files.
2024-04-16 19:13:01,015 INFO:Processed 0 files, deleted 0 files.
2024-04-16 19:14:00,354 INFO:Processed 0 files, deleted 0 files.
2024-04-16 19:15:00,672 INFO:Processed 0 files, deleted 0 files.
2024-04-16 19:15:00,672 INFO:Skipped /Users/martinballe/DM-Count-1/website/uploads/0099.jpg, not old enough.
2024-04-16 19:15:00,673 INFO:Deleted /Users/martinballe/DM-Count-1/website/uploads/0568.jpg
2024-04-16 19:15:00,673 INFO:Processed 2 files, deleted 1 files.
2024-04-16 19:16:00,973 INFO:Skipped /Users/martinballe/DM-Count-1/website/static/density_maps/density_0099.jpg, not old enough.
2024-04-16 19:16:00,974 INFO:Processed 1 files, deleted 0 files.
2024-04-16 19:16:00,975 INFO:Deleted /Users/martinballe/DM-Count-1/website/uploads/0099.jpg
2024-04-16 19:16:00,975 INFO:Processed 1 files, deleted 1 files.
2024-04-16 19:17:01,243 INFO:Deleted /Users/martinballe/DM-Count-1/website/static/density_maps/density_0099.jpg
2024-04-16 19:17:01,244 INFO:Processed 1 files, deleted 1 files.
2024-04-16 19:17:01,259 INFO:Processed 0 files, deleted 0 files.
2024-04-16 19:18:00,575 INFO:Processed 0 files, deleted 0 files.
2024-04-16 19:18:00,576 INFO:Processed 0 files, deleted 0 files.
2024-04-16 19:19:00,795 INFO:Processed 0 files, deleted 0 files.
2024-04-16 19:19:00,796 INFO:Processed 0 files, deleted 0 files.
2024-04-16 19:20:01,076 INFO:Processed 0 files, deleted 0 files.
2024-04-16 19:20:01,077 INFO:Processed 0 files, deleted 0 files.
2024-04-16 19:21:00,323 INFO:Processed 0 files, deleted 0 files.
2024-04-16 19:21:00,324 INFO:Processed 0 files, deleted 0 files.
2024-04-16 19:22:00,667 INFO:Processed 0 files, deleted 0 files.
2024-04-16 19:22:00,698 INFO:Processed 0 files, deleted 0 files.
2024-04-16 19:23:00,983 INFO:Processed 0 files, deleted 0 files.
2024-04-16 19:23:00,984 INFO:Processed 0 files, deleted 0 files.
2024-04-16 19:24:01,385 INFO:Processed 0 files, deleted 0 files.
2024-04-16 19:24:01,386 INFO:Processed 0 files, deleted 0 files.
2024-04-16 19:25:00,692 INFO:Processed 0 files, deleted 0 files.
2024-04-16 19:25:00,693 INFO:Processed 0 files, deleted 0 files.
2024-04-16 19:26:00,977 INFO:Processed 0 files, deleted 0 files.
2024-04-16 19:26:00,977 INFO:Processed 0 files, deleted 0 files.
2024-04-16 19:27:01,330 INFO:Processed 0 files, deleted 0 files.
2024-04-16 19:27:01,331 INFO:Processed 0 files, deleted 0 files.
2024-04-16 19:28:00,740 INFO:Processed 0 files, deleted 0 files.
2024-04-16 19:28:00,741 INFO:Processed 0 files, deleted 0 files.
2024-04-16 19:29:01,057 INFO:Processed 0 files, deleted 0 files.
2024-04-16 19:29:01,057 INFO:Processed 0 files, deleted 0 files.
